0 info it worked if it ends with ok
1 verbose cli [ '/usr/bin/node', '/usr/bin/npm', 'publish' ]
2 info using npm@3.10.5
3 info using node@v6.3.1
4 verbose publish [ '.' ]
5 silly cache add args [ '.', null ]
6 verbose cache add spec .
7 silly cache add parsed spec Result {
7 silly cache add   raw: '.',
7 silly cache add   scope: null,
7 silly cache add   escapedName: null,
7 silly cache add   name: null,
7 silly cache add   rawSpec: '.',
7 silly cache add   spec: '/home/hector/Documents/Node-bindings/bybat-preprocessor',
7 silly cache add   type: 'directory' }
8 verbose addLocalDirectory /home/hector/.npm/bybat-preprocessor/1.0.0/package.tgz not in flight; packing
9 verbose correctMkdir /home/hector/.npm correctMkdir not in flight; initializing
10 info lifecycle bybat-preprocessor@1.0.0~prepublish: bybat-preprocessor@1.0.0
11 silly lifecycle bybat-preprocessor@1.0.0~prepublish: no script for prepublish, continuing
12 verbose tar pack [ '/home/hector/.npm/bybat-preprocessor/1.0.0/package.tgz',
12 verbose tar pack   '/home/hector/Documents/Node-bindings/bybat-preprocessor' ]
13 verbose tarball /home/hector/.npm/bybat-preprocessor/1.0.0/package.tgz
14 verbose folder /home/hector/Documents/Node-bindings/bybat-preprocessor
15 verbose addLocalTarball adding from inside cache /home/hector/.npm/bybat-preprocessor/1.0.0/package.tgz
16 verbose correctMkdir /home/hector/.npm correctMkdir not in flight; initializing
17 silly cache afterAdd bybat-preprocessor@1.0.0
18 verbose afterAdd /home/hector/.npm/bybat-preprocessor/1.0.0/package/package.json not in flight; writing
19 verbose correctMkdir /home/hector/.npm correctMkdir not in flight; initializing
20 verbose afterAdd /home/hector/.npm/bybat-preprocessor/1.0.0/package/package.json written
21 silly publish { name: 'bybat-preprocessor',
21 silly publish   version: '1.0.0',
21 silly publish   description: 'bybat image preprocessor. process images so they are ready to be feed to the OCR engine',
21 silly publish   author: { name: 'Hector Roussille & Alexandre Moulay' },
21 silly publish   license: 'ISC',
21 silly publish   gypfile: true,
21 silly publish   dependencies: { nan: '^2.4.0' },
21 silly publish   scripts: { install: 'node-gyp rebuild' },
21 silly publish   readme: '# bybat-preprocessor\n\nThis is a simple OCR preprocessor module for NodeJS.\nIt has been made to isolate and detect Building licences on a picture , then process the image to make it suited for OCR. The result is a black text on white background.\n\n## Install\n\nInstall it like any node module , by running :\n\n```sh\nnpm install --save bybat-preprocessor\n```\n\nNote : This module is for now only compatible with Linux. And OpenCV 2.X\n\n## Usage\n\n### Require the package \n\n```js\nvar preprocessor = require("bybat-preprocessor");\n```\n\n### Use it on the image you want \n\n```js\npreprocessor.preprocess("./test.jpg" , "./result.jpg" , function(err , path) {\n  if (err) {\n    console.log("Error !");\n  }\n  else {\n    console.log("Preprocessed Image saved at : " + path);\n  }\n});\n```\n\n## Exports\n\nThis module export a single function : preprocess\n\nThis function accept 3 arguments : \n\n* input path   : path to the image to process\n* output path : path to save the processed image\n* callback  : callback function to execute when done.\n\n## Asynchronous\n\nThis module is asynchronous. No work is done in the Node main loop which makes it suitable to be used on a big number of images at the same time.\n',
21 silly publish   readmeFilename: 'README.md',
21 silly publish   _id: 'bybat-preprocessor@1.0.0',
21 silly publish   _shasum: 'bac558009d15651631533f5b10acf826284e8806',
21 silly publish   _from: '.' }
22 verbose getPublishConfig undefined
23 silly mapToRegistry name bybat-preprocessor
24 silly mapToRegistry using default registry
25 silly mapToRegistry registry https://registry.npmjs.org/
26 silly mapToRegistry data Result {
26 silly mapToRegistry   raw: 'bybat-preprocessor',
26 silly mapToRegistry   scope: null,
26 silly mapToRegistry   escapedName: 'bybat-preprocessor',
26 silly mapToRegistry   name: 'bybat-preprocessor',
26 silly mapToRegistry   rawSpec: '',
26 silly mapToRegistry   spec: 'latest',
26 silly mapToRegistry   type: 'tag' }
27 silly mapToRegistry uri https://registry.npmjs.org/bybat-preprocessor
28 verbose publish registryBase https://registry.npmjs.org/
29 silly publish uploading /home/hector/.npm/bybat-preprocessor/1.0.0/package.tgz
30 verbose request uri https://registry.npmjs.org/bybat-preprocessor
31 verbose request sending authorization for write operation
32 info attempt registry request try #1 at 5:27:16 PM
33 verbose request using bearer token for auth
34 verbose request id 83a3eeccdca8224d
35 http request PUT https://registry.npmjs.org/bybat-preprocessor
36 http 403 https://registry.npmjs.org/bybat-preprocessor
37 verbose headers { 'content-type': 'application/json',
37 verbose headers   'cache-control': 'max-age=300',
37 verbose headers   'content-length': '95',
37 verbose headers   'accept-ranges': 'bytes',
37 verbose headers   date: 'Fri, 29 Jul 2016 15:27:34 GMT',
37 verbose headers   via: '1.1 varnish',
37 verbose headers   connection: 'keep-alive',
37 verbose headers   'x-served-by': 'cache-ams4126-AMS',
37 verbose headers   'x-cache': 'MISS',
37 verbose headers   'x-cache-hits': '0',
37 verbose headers   'x-timer': 'S1469806052.256303,VS0,VE2000',
37 verbose headers   vary: 'Accept-Encoding' }
38 verbose request invalidating /home/hector/.npm/registry.npmjs.org/bybat-preprocessor on PUT
39 error publish Failed PUT 403
40 verbose stack Error: "You cannot publish over the previously published version 1.0.0." : bybat-preprocessor
40 verbose stack     at makeError (/usr/lib/node_modules/npm/node_modules/npm-registry-client/lib/request.js:264:12)
40 verbose stack     at CachingRegistryClient.<anonymous> (/usr/lib/node_modules/npm/node_modules/npm-registry-client/lib/request.js:252:14)
40 verbose stack     at Request._callback (/usr/lib/node_modules/npm/node_modules/npm-registry-client/lib/request.js:172:14)
40 verbose stack     at Request.self.callback (/usr/lib/node_modules/npm/node_modules/request/request.js:200:22)
40 verbose stack     at emitTwo (events.js:106:13)
40 verbose stack     at Request.emit (events.js:191:7)
40 verbose stack     at Request.<anonymous> (/usr/lib/node_modules/npm/node_modules/request/request.js:1067:10)
40 verbose stack     at emitOne (events.js:101:20)
40 verbose stack     at Request.emit (events.js:188:7)
40 verbose stack     at IncomingMessage.<anonymous> (/usr/lib/node_modules/npm/node_modules/request/request.js:988:12)
41 verbose statusCode 403
42 verbose pkgid bybat-preprocessor
43 verbose cwd /home/hector/Documents/Node-bindings/bybat-preprocessor
44 error Linux 4.6.4-1-ARCH
45 error argv "/usr/bin/node" "/usr/bin/npm" "publish"
46 error node v6.3.1
47 error npm  v3.10.5
48 error code E403
49 error "You cannot publish over the previously published version 1.0.0." : bybat-preprocessor
50 error If you need help, you may report this error at:
50 error     <https://github.com/npm/npm/issues>
51 verbose exit [ 1, true ]
